 ⚠ Warning: Next.js inferred your workspace root, but it may not be correct.
 We detected multiple lockfiles and selected the directory of /Users/rafalw/package-lock.json as the root directory.
 To silence this warning, set `outputFileTracingRoot` in your Next.js config, or consider removing one of the lockfiles if it's not needed.
   See https://nextjs.org/docs/app/api-reference/config/next-config-js/output#caveats for more information.
 Detected additional lockfiles: 
   * /Users/rafalw/dev/PingCompany/Platform/pnpm-lock.yaml

   ▲ Next.js 15.5.14
   - Local:        http://localhost:3000
   - Network:      http://100.65.120.61:3000
   - Environments: .env

 ✓ Starting...
 ✓ Ready in 1168ms
 ✓ Compiled /middleware in 160ms (307 modules)
 ○ Compiling / ...
 ✓ Compiled / in 736ms (1679 modules)
 ⚠ metadataBase property in metadata export is not set for resolving social open graph or twitter images, using "http://localhost:3000". See https://nextjs.org/docs/app/api-reference/functions/generate-metadata#metadatabase
 ⚠ Unsupported metadata themeColor is configured in metadata export in /. Please move it to viewport export instead.
Read more: https://nextjs.org/docs/app/api-reference/functions/generate-viewport
 GET / 200 in 1016ms
 ✓ Compiled /api/auth/token in 111ms (959 modules)
 ✓ Compiled in 140ms (738 modules)
 GET /favicon.ico 200 in 497ms
 GET /api/auth/token 200 in 477ms
 GET /api/auth/token 200 in 11ms
 ⚠ metadataBase property in metadata export is not set for resolving social open graph or twitter images, using "http://localhost:3000". See https://nextjs.org/docs/app/api-reference/functions/generate-metadata#metadatabase
 ⚠ Unsupported metadata themeColor is configured in metadata export in /. Please move it to viewport export instead.
Read more: https://nextjs.org/docs/app/api-reference/functions/generate-viewport
 GET / 200 in 185ms
 GET /favicon.ico 200 in 10ms
 GET /api/auth/token 200 in 11ms
 GET /api/auth/token 200 in 13ms
 ⚠ Unsupported metadata themeColor is configured in metadata export in /. Please move it to viewport export instead.
Read more: https://nextjs.org/docs/app/api-reference/functions/generate-viewport
 GET / 200 in 39ms
 GET /favicon.ico 200 in 15ms
 GET /api/auth/token 200 in 12ms
 GET /api/auth/token 200 in 11ms
 ⚠ Unsupported metadata themeColor is configured in metadata export in /. Please move it to viewport export instead.
Read more: https://nextjs.org/docs/app/api-reference/functions/generate-viewport
 GET / 200 in 31ms
 GET /favicon.ico 200 in 12ms
 GET /api/auth/token 200 in 8ms
 GET /api/auth/token 200 in 11ms
[?25h
